TN:
SF:controllers\authController.js
FN:7,registerUser
FN:49,loginUser
FN:92,uploadImage
FN:101,sendEmailToUser
FN:114,test
FNF:5
FNH:2
FNDA:3,registerUser
FNDA:5,loginUser
FNDA:0,uploadImage
FNDA:0,sendEmailToUser
FNDA:0,test
DA:1,1
DA:2,1
DA:3,1
DA:4,1
DA:5,1
DA:6,1
DA:7,1
DA:8,3
DA:9,3
DA:10,3
DA:11,3
DA:12,1
DA:13,1
DA:14,1
DA:15,1
DA:16,2
DA:17,2
DA:18,2
DA:19,2
DA:20,2
DA:21,2
DA:22,2
DA:23,2
DA:24,2
DA:25,2
DA:26,2
DA:27,2
DA:28,1
DA:29,1
DA:30,1
DA:31,3
DA:32,1
DA:33,1
DA:34,1
DA:35,1
DA:36,1
DA:37,1
DA:38,1
DA:39,1
DA:40,1
DA:41,1
DA:42,1
DA:43,1
DA:44,1
DA:45,1
DA:46,3
DA:47,1
DA:48,1
DA:49,1
DA:50,5
DA:51,5
DA:52,5
DA:53,5
DA:54,5
DA:55,1
DA:56,1
DA:57,1
DA:58,1
DA:59,4
DA:60,4
DA:61,4
DA:62,3
DA:63,3
DA:64,5
DA:65,2
DA:66,2
DA:67,2
DA:68,2
DA:69,1
DA:70,1
DA:71,1
DA:72,1
DA:73,1
DA:74,5
DA:75,0
DA:76,0
DA:77,0
DA:78,0
DA:79,1
DA:80,5
DA:81,1
DA:82,1
DA:83,1
DA:84,1
DA:85,1
DA:86,1
DA:87,1
DA:88,1
DA:89,1
DA:90,5
DA:91,1
DA:92,1
DA:93,0
DA:94,0
DA:95,0
DA:96,0
DA:97,0
DA:98,0
DA:99,0
DA:100,1
DA:101,1
DA:102,0
DA:103,0
DA:104,0
DA:105,0
DA:106,0
DA:107,0
DA:108,0
DA:109,0
DA:110,0
DA:111,0
DA:112,0
DA:113,1
DA:114,1
DA:115,0
DA:116,0
DA:117,0
DA:118,0
LF:118
LH:92
BRDA:7,0,0,3
BRDA:11,1,0,2
BRDA:11,2,0,2
BRDA:11,3,0,1
BRDA:15,4,0,2
BRDA:27,5,0,1
BRDA:31,6,0,1
BRDA:49,7,0,5
BRDA:54,8,0,4
BRDA:54,9,0,1
BRDA:58,10,0,4
BRDA:61,11,0,3
BRDA:64,12,0,2
BRDA:68,13,0,1
BRDA:74,14,0,0
BRDA:78,15,0,1
BRDA:80,16,0,1
BRF:17
BRH:16
end_of_record
TN:
SF:controllers\jobsController.js
FN:4,getJobs
FN:28,newJob
FN:49,getJob
FN:75,updateJob
FN:99,deleteJob
FNF:5
FNH:5
FNDA:2,getJobs
FNDA:2,newJob
FNDA:3,getJob
FNDA:3,updateJob
FNDA:2,deleteJob
DA:1,1
DA:2,1
DA:3,1
DA:4,1
DA:5,2
DA:6,2
DA:7,2
DA:8,2
DA:9,2
DA:10,1
DA:11,1
DA:12,1
DA:13,1
DA:14,1
DA:15,1
DA:16,2
DA:17,2
DA:18,2
DA:19,2
DA:20,2
DA:21,2
DA:22,2
DA:23,2
DA:24,2
DA:25,2
DA:26,1
DA:27,1
DA:28,1
DA:29,2
DA:30,2
DA:31,2
DA:32,2
DA:33,2
DA:34,1
DA:35,1
DA:36,1
DA:37,1
DA:38,1
DA:39,1
DA:40,1
DA:41,1
DA:42,1
DA:43,1
DA:44,1
DA:45,1
DA:46,2
DA:47,1
DA:48,1
DA:49,1
DA:50,3
DA:51,3
DA:52,3
DA:53,3
DA:54,2
DA:55,2
DA:56,3
DA:57,1
DA:58,1
DA:59,1
DA:60,1
DA:61,1
DA:62,1
DA:63,1
DA:64,1
DA:65,1
DA:66,1
DA:67,1
DA:68,1
DA:69,1
DA:70,1
DA:71,1
DA:72,3
DA:73,1
DA:74,1
DA:75,1
DA:76,3
DA:77,3
DA:78,3
DA:79,1
DA:80,1
DA:81,1
DA:82,1
DA:83,2
DA:84,2
DA:85,3
DA:86,1
DA:87,1
DA:88,1
DA:89,1
DA:90,1
DA:91,1
DA:92,1
DA:93,1
DA:94,1
DA:95,1
DA:96,1
DA:97,1
DA:98,1
DA:99,1
DA:100,2
DA:101,2
DA:102,2
DA:103,1
DA:104,1
DA:105,1
DA:106,1
DA:107,1
DA:108,1
DA:109,1
DA:110,1
DA:111,1
DA:112,1
DA:113,1
LF:113
LH:113
BRDA:4,0,0,2
BRDA:6,1,0,1
BRDA:10,2,0,1
BRDA:16,3,0,1
BRDA:28,4,0,2
BRDA:33,5,0,1
BRDA:49,6,0,3
BRDA:53,7,0,2
BRDA:56,8,0,1
BRDA:75,9,0,3
BRDA:78,10,0,1
BRDA:82,11,0,2
BRDA:85,12,0,1
BRDA:99,13,0,2
BRDA:102,14,0,1
BRF:15
BRH:15
end_of_record
TN:
SF:middlewares\auth.js
FN:5,isAuthenticatedUser
FNF:1
FNH:1
FNDA:4,isAuthenticatedUser
DA:1,1
DA:2,1
DA:3,1
DA:4,1
DA:5,1
DA:6,4
DA:7,4
DA:8,1
DA:9,1
DA:10,1
DA:11,1
DA:12,3
DA:13,4
DA:14,4
DA:15,4
DA:16,1
DA:17,1
DA:18,1
DA:19,1
DA:20,2
DA:21,2
DA:22,2
DA:23,2
DA:24,2
DA:25,2
DA:26,1
DA:27,1
DA:28,1
DA:29,1
DA:30,1
DA:31,1
DA:32,1
DA:33,1
DA:34,4
LF:34
LH:34
BRDA:5,0,0,4
BRDA:7,1,0,1
BRDA:11,2,0,3
BRDA:15,3,0,1
BRDA:19,4,0,2
BRDA:25,5,0,1
BRF:6
BRH:6
end_of_record
TN:
SF:models\jobs.js
FNF:0
FNH:0
DA:1,1
DA:2,1
DA:3,1
DA:4,1
DA:5,1
DA:6,1
DA:7,1
DA:8,1
DA:9,1
DA:10,1
DA:11,1
DA:12,1
DA:13,1
DA:14,1
DA:15,1
DA:16,1
DA:17,1
DA:18,1
DA:19,1
DA:20,1
DA:21,1
DA:22,1
DA:23,1
DA:24,1
DA:25,1
DA:26,1
DA:27,1
DA:28,1
DA:29,1
DA:30,1
DA:31,1
DA:32,1
DA:33,1
DA:34,1
DA:35,1
DA:36,1
DA:37,1
DA:38,1
DA:39,1
DA:40,1
DA:41,1
DA:42,1
DA:43,1
DA:44,1
DA:45,1
DA:46,1
DA:47,1
DA:48,1
DA:49,1
DA:50,1
DA:51,1
DA:52,1
DA:53,1
DA:54,1
DA:55,1
DA:56,1
DA:57,1
DA:58,1
DA:59,1
DA:60,1
LF:60
LH:60
BRF:0
BRH:0
end_of_record
TN:
SF:models\users.js
FNF:0
FNH:0
DA:1,1
DA:2,1
DA:3,1
DA:4,1
DA:5,1
DA:6,1
DA:7,1
DA:8,1
DA:9,1
DA:10,1
DA:11,1
DA:12,1
DA:13,1
DA:14,1
DA:15,1
DA:16,1
DA:17,1
DA:18,1
DA:19,1
DA:20,1
DA:21,1
DA:22,1
DA:23,1
DA:24,1
DA:25,1
LF:25
LH:25
BRF:0
BRH:0
end_of_record
TN:
SF:utils\helpers.js
FN:4,sendEmail
FN:25,getJwtToken
FNF:2
FNH:2
FNDA:4,sendEmail
FNDA:1,getJwtToken
DA:1,1
DA:2,1
DA:3,1
DA:4,1
DA:5,4
DA:6,4
DA:7,4
DA:8,4
DA:9,4
DA:10,4
DA:11,4
DA:12,4
DA:13,4
DA:14,4
DA:15,4
DA:16,4
DA:17,4
DA:18,4
DA:19,4
DA:20,4
DA:21,4
DA:22,3
DA:23,3
DA:24,1
DA:25,1
DA:26,1
DA:27,1
DA:28,1
DA:29,1
DA:30,1
DA:31,1
LF:31
LH:31
BRDA:4,0,0,4
BRDA:21,1,0,3
BRDA:25,2,0,1
BRF:3
BRH:3
end_of_record
TN:
SF:utils\s3Service.js
FN:5,S3Service
FN:12,upload
FNF:2
FNH:2
FNDA:4,S3Service
FNDA:3,upload
DA:1,2
DA:2,2
DA:3,2
DA:4,2
DA:5,2
DA:6,4
DA:7,4
DA:8,4
DA:9,4
DA:10,4
DA:11,2
DA:12,2
DA:13,3
DA:14,3
DA:15,3
DA:16,3
DA:17,3
DA:18,3
DA:19,2
DA:20,2
DA:21,2
DA:22,2
LF:22
LH:22
BRDA:5,0,0,4
BRDA:12,1,0,3
BRDA:18,2,0,2
BRF:3
BRH:3
end_of_record
